0:00:00:00 Starting a new session
0:00:00:00 Loaded a total of 2 password hashes with no different salts
0:00:00:00 Command line: john --wordlist=passwords.txt hashes.txt 
0:00:00:00 - UTF-8 input encoding enabled
0:00:00:00 - Passwords will be stored UTF-8 encoded in .pot file
0:00:00:00 - Target encoding: CP850
0:00:00:00 - Rules/masks using CP850
0:00:00:00 - Hash type: LM (min-len 0, max-len 7, longer passwords split)
0:00:00:00 - Algorithm: DES 256/256 AVX2
0:00:00:00 - Candidate passwords will be buffered and tried in chunks of 32768
0:00:00:00 Proceeding with wordlist mode
0:00:00:00 - Wordlist file: passwords.txt
0:00:00:00 - memory mapping wordlist (45 bytes)
0:00:00:00 - No word mangling rules
0:00:00:00 - No stacked rules
0:00:00:00 Session completed
0:00:00:00 Starting a new session
0:00:00:00 Loaded a total of 1 password hash
0:00:00:00 Command line: john --format=Raw-MD5 --wordlist=passwords.txt hashes.txt 
0:00:00:00 - UTF-8 input encoding enabled
0:00:00:00 - Passwords will be stored UTF-8 encoded in .pot file
0:00:00:00 - Hash type: Raw-MD5 (min-len 0, max-len 18 [worst case UTF-8] to 55 [ASCII])
0:00:00:00 - Algorithm: MD5 256/256 AVX2 8x3
0:00:00:00 - Configured to use otherwise idle processor cycles only
0:00:00:00 - Will reject candidates longer than 55 bytes
0:00:00:00 - Candidate passwords will be buffered and tried in chunks of 384
0:00:00:00 Proceeding with wordlist mode
0:00:00:00 - Wordlist file: passwords.txt
0:00:00:00 - memory mapping wordlist (45 bytes)
0:00:00:00 - No word mangling rules
0:00:00:00 - No stacked rules
0:00:00:00 + Cracked ?
0:00:00:00 Session completed
0:00:00:00 Starting a new session
0:00:00:00 Loaded a total of 1 password hash
0:00:00:00 Command line: john --format=Raw-SHA1 --wordlist=passwords.txt hashes.txt 
0:00:00:00 - UTF-8 input encoding enabled
0:00:00:00 - Passwords will be stored UTF-8 encoded in .pot file
0:00:00:00 - Hash type: Raw-SHA1 (min-len 0, max-len 18 [worst case UTF-8] to 55 [ASCII])
0:00:00:00 - Algorithm: SHA1 256/256 AVX2 8x
0:00:00:00 - Configured to use otherwise idle processor cycles only
0:00:00:00 - Will reject candidates longer than 55 bytes
0:00:00:00 - Candidate passwords will be buffered and tried in chunks of 8
0:00:00:00 Proceeding with wordlist mode
0:00:00:00 - Wordlist file: passwords.txt
0:00:00:00 - memory mapping wordlist (45 bytes)
0:00:00:00 - No word mangling rules
0:00:00:00 - No stacked rules
0:00:00:00 + Cracked ?
0:00:00:00 Session completed
